<?xml version="1.0" encoding="UTF-8"?>
<testsuite xmlns:xsi="http://www.w3.org/2001/XMLSchema-instance" xsi:noNamespaceSchemaLocation="https://maven.apache.org/surefire/maven-surefire-plugin/xsd/surefire-test-report.xsd" version="3.0.2" name="CompteBancariTest" time="0.073" tests="16" errors="0" skipped="0" failures="0">
  <properties>
[...]
</properties>
  <testcase name="constructorAmbIbanBuit_llencaExcepcio" classname="CompteBancariTest" time="0.021"/>
  <testcase name="obtenirEstatSaldoAmbSaldoBaix_retornaSaldoBaix" classname="CompteBancariTest" time="0.003"/>
  <testcase name="constructorAmbTitularBuit_llencaExcepcio" classname="CompteBancariTest" time="0.001"/>
  <testcase name="retirarMesDelSaldoDisponible_llencaExcepcio" classname="CompteBancariTest" time="0.002"/>
  <testcase name="obtenirEstatSaldoAmbSaldoNormal_retornaSaldoNormal" classname="CompteBancariTest" time="0.001"/>
  <testcase name="ingressarQuantitatCorrecta_incrementaSaldo" classname="CompteBancariTest" time="0.001"/>
  <testcase name="constructorAmbIbanNull_llencaExcepcio" classname="CompteBancariTest" time="0.001"/>
  <testcase name="ingressarZero_llencaExcepcio" classname="CompteBancariTest" time="0.001"/>
  <testcase name="retirarQuantitatCorrecta_redueixSaldo" classname="CompteBancariTest" time="0.002"/>
  <testcase name="retirarQuantitatNegativa_llencaExcepcio" classname="CompteBancariTest" time="0.001"/>
  <testcase name="obtenirEstatSaldoAmbSaldoAlt_retornaSaldoAlt" classname="CompteBancariTest" time="0.001"/>
  <testcase name="constructorAmbSaldoNegatiu_llencaExcepcio" classname="CompteBancariTest" time="0.001"/>
  <testcase name="constructorAmbTitularNull_llencaExcepcio" classname="CompteBancariTest" time="0.001"/>
  <testcase name="constructorAmbDadesCorrectes_creaCompteCorrectament" classname="CompteBancariTest" time="0.001"/>
  <testcase name="retirarZero_llencaExcepcio" classname="CompteBancariTest" time="0.001"/>
  <testcase name="ingressarQuantitatNegativa_llencaExcepcio" classname="CompteBancariTest" time="0.001"/>
</testsuite>